Copyright 1986-2018 Xilinx, Inc. All Rights Reserved.
-----------------------------------------------------------------------------------------------------------------
| Tool Version : Vivado v.2018.3 (win64) Build 2405991 Thu Dec  6 23:38:27 MST 2018
| Date         : Tue May 19 16:48:03 2020
| Host         : DESKTOP-813AKL3 running 64-bit major release  (build 9200)
| Command      : report_utilization -file system_top_utilization_placed.rpt -pb system_top_utilization_placed.pb
| Design       : system_top
| Device       : xczu6egffvc900-1
| Design State : Fully Placed
-----------------------------------------------------------------------------------------------------------------

Utilization Design Information

Table of Contents
-----------------
1. CLB Logic
1.1 Summary of Registers by Type
2. CLB Logic Distribution
3. BLOCKRAM
4. ARITHMETIC
5. I/O
6. CLOCK
7. ADVANCED
8. CONFIGURATION
9. Primitives
10. Black Boxes
11. Instantiated Netlists

1. CLB Logic
------------

+----------------------------+-------+-------+-----------+-------+
|          Site Type         |  Used | Fixed | Available | Util% |
+----------------------------+-------+-------+-----------+-------+
| CLB LUTs                   | 11989 |     0 |    214604 |  5.59 |
|   LUT as Logic             | 10211 |     0 |    214604 |  4.76 |
|   LUT as Memory            |  1778 |     0 |    144000 |  1.23 |
|     LUT as Distributed RAM |   272 |     0 |           |       |
|     LUT as Shift Register  |  1506 |     0 |           |       |
| CLB Registers              | 18107 |     0 |    429208 |  4.22 |
|   Register as Flip Flop    | 18107 |     0 |    429208 |  4.22 |
|   Register as Latch        |     0 |     0 |    429208 |  0.00 |
| CARRY8                     |   210 |     0 |     34260 |  0.61 |
| F7 Muxes                   |   293 |     0 |    137040 |  0.21 |
| F8 Muxes                   |    62 |     0 |     68520 |  0.09 |
| F9 Muxes                   |     0 |     0 |     34260 |  0.00 |
+----------------------------+-------+-------+-----------+-------+


1.1 Summary of Registers by Type
--------------------------------

+-------+--------------+-------------+--------------+
| Total | Clock Enable | Synchronous | Asynchronous |
+-------+--------------+-------------+--------------+
| 0     |            _ |           - |            - |
| 0     |            _ |           - |          Set |
| 0     |            _ |           - |        Reset |
| 0     |            _ |         Set |            - |
| 0     |            _ |       Reset |            - |
| 0     |          Yes |           - |            - |
| 140   |          Yes |           - |          Set |
| 194   |          Yes |           - |        Reset |
| 358   |          Yes |         Set |            - |
| 17415 |          Yes |       Reset |            - |
+-------+--------------+-------------+--------------+


2. CLB Logic Distribution
-------------------------

+--------------------------------------------+-------+-------+-----------+-------+
|                  Site Type                 |  Used | Fixed | Available | Util% |
+--------------------------------------------+-------+-------+-----------+-------+
| CLB                                        |  2997 |     0 |     34260 |  8.75 |
|   CLBL                                     |  1448 |     0 |           |       |
|   CLBM                                     |  1549 |     0 |           |       |
| LUT as Logic                               | 10211 |     0 |    214604 |  4.76 |
|   using O5 output only                     |   265 |       |           |       |
|   using O6 output only                     |  8450 |       |           |       |
|   using O5 and O6                          |  1496 |       |           |       |
| LUT as Memory                              |  1778 |     0 |    144000 |  1.23 |
|   LUT as Distributed RAM                   |   272 |     0 |           |       |
|     using O5 output only                   |     0 |       |           |       |
|     using O6 output only                   |     0 |       |           |       |
|     using O5 and O6                        |   272 |       |           |       |
|   LUT as Shift Register                    |  1506 |     0 |           |       |
|     using O5 output only                   |     0 |       |           |       |
|     using O6 output only                   |   311 |       |           |       |
|     using O5 and O6                        |  1195 |       |           |       |
| CLB Registers                              | 18107 |     0 |    429208 |  4.22 |
|   Register driven from within the CLB      |  7979 |       |           |       |
|   Register driven from outside the CLB     | 10128 |       |           |       |
|     LUT in front of the register is unused |  7125 |       |           |       |
|     LUT in front of the register is used   |  3003 |       |           |       |
| Unique Control Sets                        |   737 |       |     68520 |  1.08 |
+--------------------------------------------+-------+-------+-----------+-------+
* Note: Available Control Sets calculated as CLB Registers / 8, Review the Control Sets Report for more information regarding control sets.


3. BLOCKRAM
-----------

+-------------------+------+-------+-----------+-------+
|     Site Type     | Used | Fixed | Available | Util% |
+-------------------+------+-------+-----------+-------+
| Block RAM Tile    | 23.5 |     0 |       714 |  3.29 |
|   RAMB36/FIFO*    |   22 |     0 |       714 |  3.08 |
|     RAMB36E2 only |   22 |       |           |       |
|   RAMB18          |    3 |     0 |      1428 |  0.21 |
|     RAMB18E2 only |    3 |       |           |       |
+-------------------+------+-------+-----------+-------+
* Note: Each Block RAM Tile only has one FIFO logic available and therefore can accommodate only one FIFO36E2 or one FIFO18E2. However, if a FIFO18E2 occupies a Block RAM Tile, that tile can still accommodate a RAMB18E2


4. ARITHMETIC
-------------

+-----------+------+-------+-----------+-------+
| Site Type | Used | Fixed | Available | Util% |
+-----------+------+-------+-----------+-------+
| DSPs      |    0 |     0 |      1973 |  0.00 |
+-----------+------+-------+-----------+-------+


5. I/O
------

+------------------+------+-------+-----------+-------+
|     Site Type    | Used | Fixed | Available | Util% |
+------------------+------+-------+-----------+-------+
| Bonded IOB       |   79 |    79 |       204 | 38.73 |
| HPIOB_M          |   38 |    38 |        72 | 52.78 |
|   INPUT          |    0 |       |           |       |
|   OUTPUT         |    0 |       |           |       |
|   BIDIR          |   38 |       |           |       |
| HPIOB_S          |   38 |    38 |        72 | 52.78 |
|   INPUT          |    0 |       |           |       |
|   OUTPUT         |    0 |       |           |       |
|   BIDIR          |   38 |       |           |       |
| HDIOB_M          |    0 |     0 |        24 |  0.00 |
| HDIOB_S          |    0 |     0 |        24 |  0.00 |
| HPIOB_SNGL       |    3 |     3 |        12 | 25.00 |
|   INPUT          |    0 |       |           |       |
|   OUTPUT         |    1 |       |           |       |
|   BIDIR          |    2 |       |           |       |
| HPIOBDIFFINBUF   |   31 |    31 |        96 | 32.29 |
|   DIFFINBUF      |   31 |    31 |           |       |
| HPIOBDIFFOUTBUF  |    0 |     0 |        96 |  0.00 |
| HDIOBDIFFINBUF   |    0 |     0 |        60 |  0.00 |
| BITSLICE_CONTROL |    0 |     0 |        32 |  0.00 |
| BITSLICE_RX_TX   |   30 |    30 |       208 | 14.42 |
|   ISERDES        |   30 |    30 |           |       |
| BITSLICE_TX      |    0 |     0 |        32 |  0.00 |
| RIU_OR           |    0 |     0 |        16 |  0.00 |
+------------------+------+-------+-----------+-------+


6. CLOCK
--------

+----------------------+------+-------+-----------+-------+
|       Site Type      | Used | Fixed | Available | Util% |
+----------------------+------+-------+-----------+-------+
| GLOBAL CLOCK BUFFERs |   14 |     0 |       404 |  3.47 |
|   BUFGCE             |   10 |     0 |       116 |  8.62 |
|   BUFGCE_DIV         |    2 |     0 |        16 | 12.50 |
|   BUFG_GT            |    0 |     0 |       168 |  0.00 |
|   BUFG_PS            |    2 |     0 |        72 |  2.78 |
|   BUFGCTRL*          |    0 |     0 |        32 |  0.00 |
| PLL                  |    0 |     0 |         8 |  0.00 |
| MMCM                 |    2 |     0 |         4 | 50.00 |
+----------------------+------+-------+-----------+-------+
* Note: Each used BUFGCTRL counts as two global buffer resources. This table does not include global clocking resources, only buffer cell usage. See the Clock Utilization Report (report_clock_utilization) for detailed accounting of global clocking resource availability.


7. ADVANCED
-----------

+-----------------+------+-------+-----------+--------+
|    Site Type    | Used | Fixed | Available |  Util% |
+-----------------+------+-------+-----------+--------+
| GTHE4_CHANNEL   |    0 |     0 |        16 |   0.00 |
| GTHE4_COMMON    |    0 |     0 |         4 |   0.00 |
| OBUFDS_GTE4     |    0 |     0 |         8 |   0.00 |
| OBUFDS_GTE4_ADV |    0 |     0 |         8 |   0.00 |
| PS8             |    1 |     0 |         1 | 100.00 |
| SYSMONE4        |    1 |     1 |         1 | 100.00 |
+-----------------+------+-------+-----------+--------+


8. CONFIGURATION
----------------

+-------------+------+-------+-----------+-------+
|  Site Type  | Used | Fixed | Available | Util% |
+-------------+------+-------+-----------+-------+
| BSCANE2     |    1 |     0 |         4 | 25.00 |
| DNA_PORTE2  |    0 |     0 |         1 |  0.00 |
| EFUSE_USR   |    0 |     0 |         1 |  0.00 |
| FRAME_ECCE4 |    0 |     0 |         1 |  0.00 |
| ICAPE3      |    0 |     0 |         2 |  0.00 |
| MASTER_JTAG |    0 |     0 |         1 |  0.00 |
| STARTUPE3   |    0 |     0 |         1 |  0.00 |
+-------------+------+-------+-----------+-------+


9. Primitives
-------------

+------------+-------+---------------------+
|  Ref Name  |  Used | Functional Category |
+------------+-------+---------------------+
| FDRE       | 17415 |            Register |
| LUT6       |  5988 |                 CLB |
| LUT4       |  1926 |                 CLB |
| SRL16E     |  1632 |                 CLB |
| LUT3       |  1418 |                 CLB |
| LUT5       |  1151 |                 CLB |
| SRLC32E    |  1059 |                 CLB |
| LUT2       |   659 |                 CLB |
| LUT1       |   565 |                 CLB |
| RAMD32     |   476 |                 CLB |
| FDSE       |   358 |            Register |
| MUXF7      |   293 |                 CLB |
| CARRY8     |   210 |                 CLB |
| FDCE       |   194 |            Register |
| FDPE       |   140 |            Register |
| RAMS32     |    68 |                 CLB |
| MUXF8      |    62 |                 CLB |
| IBUFCTRL   |    40 |              Others |
| DIFFINBUF  |    31 |                 I/O |
| ISERDESE3  |    30 |                 I/O |
| IDELAYE3   |    30 |                 I/O |
| RAMB36E2   |    22 |           Block Ram |
| SRLC16E    |    10 |                 CLB |
| BUFGCE     |    10 |               Clock |
| OBUFT      |     9 |                 I/O |
| INBUF      |     9 |                 I/O |
| OBUF       |     8 |                 I/O |
| RAMB18E2   |     3 |           Block Ram |
| MMCME4_ADV |     2 |               Clock |
| BUFG_PS    |     2 |               Clock |
| BUFGCE_DIV |     2 |               Clock |
| SYSMONE4   |     1 |            Advanced |
| PS8        |     1 |            Advanced |
| BSCANE2    |     1 |       Configuration |
+------------+-------+---------------------+


10. Black Boxes
---------------

+----------+------+
| Ref Name | Used |
+----------+------+


11. Instantiated Netlists
-------------------------

+-----------------------+------+
|        Ref Name       | Used |
+-----------------------+------+
| u_ila_4               |    1 |
| u_ila_3               |    1 |
| u_ila_2               |    1 |
| u_ila_1               |    1 |
| u_ila_0               |    1 |
| dbg_hub               |    1 |
| clk_wiz_1_b64_b66_pll |    1 |
| clk_wiz_0_b65_mmcm    |    1 |
+-----------------------+------+


